0 info it worked if it ends with ok
1 verbose cli [ '/usr/bin/node',
1 verbose cli   '/usr/bin/npm',
1 verbose cli   'install',
1 verbose cli   '--save-dev',
1 verbose cli   'webpacker@3.5.5' ]
2 info using npm@3.5.2
3 info using node@v8.10.0
4 silly loadCurrentTree Starting
5 silly install loadCurrentTree
6 silly install readLocalPackageData
7 silly fetchPackageMetaData webpacker@3.5.5
8 silly fetchNamedPackageData webpacker
9 silly mapToRegistry name webpacker
10 silly mapToRegistry using default registry
11 silly mapToRegistry registry https://registry.npmjs.org/
12 silly mapToRegistry uri https://registry.npmjs.org/webpacker
13 verbose request uri https://registry.npmjs.org/webpacker
14 verbose request no auth needed
15 info attempt registry request try #1 at 8:08:36 PM
16 verbose request id 1f3129aa75343474
17 verbose etag W/"666772605aaa9c2a3d531a4b3e16c068"
18 verbose lastModified Mon, 04 Feb 2019 10:12:53 GMT
19 http request GET https://registry.npmjs.org/webpacker
20 http 200 https://registry.npmjs.org/webpacker
21 verbose headers { date: 'Fri, 22 Mar 2019 19:08:38 GMT',
21 verbose headers   'content-type': 'application/json',
21 verbose headers   'transfer-encoding': 'chunked',
21 verbose headers   connection: 'keep-alive',
21 verbose headers   'set-cookie':
21 verbose headers    [ '__cfduid=d45eb41e5826ee7d1efb1bebfab14ccbd1553281717; expires=Sat, 21-Mar-20 19:08:37 GMT; path=/; domain=.registry.npmjs.org; HttpOnly' ],
21 verbose headers   'cf-cache-status': 'MISS',
21 verbose headers   'cache-control': 'max-age=300',
21 verbose headers   'cf-ray': '4bba748b4c2a7283-AMS',
21 verbose headers   etag: 'W/"635ac4f05e691a994ada18c58b343735"',
21 verbose headers   'expect-ct': 'max-age=604800, report-uri="https://report-uri.cloudflare.com/cdn-cgi/beacon/expect-ct"',
21 verbose headers   'last-modified': 'Thu, 21 Mar 2019 12:45:52 GMT',
21 verbose headers   vary: 'accept-encoding, accept',
21 verbose headers   'x-amz-meta-rev': '29-716a1528cc7a4746995f44acf5a0c6fa',
21 verbose headers   server: 'cloudflare',
21 verbose headers   'content-encoding': 'gzip' }
22 silly get cb [ 200,
22 silly get   { date: 'Fri, 22 Mar 2019 19:08:38 GMT',
22 silly get     'content-type': 'application/json',
22 silly get     'transfer-encoding': 'chunked',
22 silly get     connection: 'keep-alive',
22 silly get     'set-cookie':
22 silly get      [ '__cfduid=d45eb41e5826ee7d1efb1bebfab14ccbd1553281717; expires=Sat, 21-Mar-20 19:08:37 GMT; path=/; domain=.registry.npmjs.org; HttpOnly' ],
22 silly get     'cf-cache-status': 'MISS',
22 silly get     'cache-control': 'max-age=300',
22 silly get     'cf-ray': '4bba748b4c2a7283-AMS',
22 silly get     etag: 'W/"635ac4f05e691a994ada18c58b343735"',
22 silly get     'expect-ct': 'max-age=604800, report-uri="https://report-uri.cloudflare.com/cdn-cgi/beacon/expect-ct"',
22 silly get     'last-modified': 'Thu, 21 Mar 2019 12:45:52 GMT',
22 silly get     vary: 'accept-encoding, accept',
22 silly get     'x-amz-meta-rev': '29-716a1528cc7a4746995f44acf5a0c6fa',
22 silly get     server: 'cloudflare',
22 silly get     'content-encoding': 'gzip' } ]
23 verbose get saving webpacker to /home/juanfran/.npm/registry.npmjs.org/webpacker/.cache.json
24 silly fetchPackageMetaData Error: No compatible version found: webpacker@3.5.5
24 silly fetchPackageMetaData Valid install targets:
24 silly fetchPackageMetaData 4.2.3, 4.2.2, 4.2.1, 4.2.0, 4.1.2, 4.1.1, 4.1.0, 4.0.2, 4.0.1, 4.0.0, 3.3.0, 3.2.0, 3.1.3, 3.1.2, 3.1.1, 3.1.0, 3.0.0, 2.1.0, 2.0.0, 1.0.0, 0.0.3, 0.0.2, 0.0.1
24 silly fetchPackageMetaData
24 silly fetchPackageMetaData     at pickVersionFromRegistryDocument (/usr/share/npm/lib/fetch-package-metadata.js:156:16)
24 silly fetchPackageMetaData     at /usr/share/npm/node_modules/iferr/index.js:13:50
24 silly fetchPackageMetaData     at /usr/share/npm/lib/utils/pulse-till-done.js:19:8
24 silly fetchPackageMetaData     at saved (/usr/share/npm/lib/cache/caching-client.js:168:7)
24 silly fetchPackageMetaData     at /usr/share/npm/node_modules/graceful-fs/polyfills.js:210:7
24 silly fetchPackageMetaData     at FSReqWrap.oncomplete (fs.js:135:15)
24 silly fetchPackageMetaData  error for webpacker@3.5.5 Error: No compatible version found: webpacker@3.5.5
24 silly fetchPackageMetaData Valid install targets:
24 silly fetchPackageMetaData 4.2.3, 4.2.2, 4.2.1, 4.2.0, 4.1.2, 4.1.1, 4.1.0, 4.0.2, 4.0.1, 4.0.0, 3.3.0, 3.2.0, 3.1.3, 3.1.2, 3.1.1, 3.1.0, 3.0.0, 2.1.0, 2.0.0, 1.0.0, 0.0.3, 0.0.2, 0.0.1
24 silly fetchPackageMetaData
24 silly fetchPackageMetaData     at pickVersionFromRegistryDocument (/usr/share/npm/lib/fetch-package-metadata.js:156:16)
24 silly fetchPackageMetaData     at /usr/share/npm/node_modules/iferr/index.js:13:50
24 silly fetchPackageMetaData     at /usr/share/npm/lib/utils/pulse-till-done.js:19:8
24 silly fetchPackageMetaData     at saved (/usr/share/npm/lib/cache/caching-client.js:168:7)
24 silly fetchPackageMetaData     at /usr/share/npm/node_modules/graceful-fs/polyfills.js:210:7
24 silly fetchPackageMetaData     at FSReqWrap.oncomplete (fs.js:135:15)
25 silly rollbackFailedOptional Starting
26 silly rollbackFailedOptional Finishing
27 silly runTopLevelLifecycles Starting
28 silly runTopLevelLifecycles Finishing
29 silly install printInstalled
30 verbose stack Error: No compatible version found: webpacker@3.5.5
30 verbose stack Valid install targets:
30 verbose stack 4.2.3, 4.2.2, 4.2.1, 4.2.0, 4.1.2, 4.1.1, 4.1.0, 4.0.2, 4.0.1, 4.0.0, 3.3.0, 3.2.0, 3.1.3, 3.1.2, 3.1.1, 3.1.0, 3.0.0, 2.1.0, 2.0.0, 1.0.0, 0.0.3, 0.0.2, 0.0.1
30 verbose stack
30 verbose stack     at pickVersionFromRegistryDocument (/usr/share/npm/lib/fetch-package-metadata.js:156:16)
30 verbose stack     at /usr/share/npm/node_modules/iferr/index.js:13:50
30 verbose stack     at /usr/share/npm/lib/utils/pulse-till-done.js:19:8
30 verbose stack     at saved (/usr/share/npm/lib/cache/caching-client.js:168:7)
30 verbose stack     at /usr/share/npm/node_modules/graceful-fs/polyfills.js:210:7
30 verbose stack     at FSReqWrap.oncomplete (fs.js:135:15)
31 verbose cwd /home/juanfran/code/Nerfi/Try_to_code4
32 error Linux 4.15.0-46-generic
33 error argv "/usr/bin/node" "/usr/bin/npm" "install" "--save-dev" "webpacker@3.5.5"
34 error node v8.10.0
35 error npm  v3.5.2
36 error No compatible version found: webpacker@3.5.5
36 error Valid install targets:
36 error 4.2.3, 4.2.2, 4.2.1, 4.2.0, 4.1.2, 4.1.1, 4.1.0, 4.0.2, 4.0.1, 4.0.0, 3.3.0, 3.2.0, 3.1.3, 3.1.2, 3.1.1, 3.1.0, 3.0.0, 2.1.0, 2.0.0, 1.0.0, 0.0.3, 0.0.2, 0.0.1
37 error If you need help, you may report this error at:
37 error     <https://github.com/npm/npm/issues>
38 verbose exit [ 1, true ]
